<?xml version="1.0" encoding="UTF-8"?>
<testsuite xmlns:xsi="http://www.w3.org/2001/XMLSchema-instance" xsi:noNamespaceSchemaLocation="https://maven.apache.org/surefire/maven-surefire-plugin/xsd/surefire-test-report.xsd" name="edu.eci.cvds.tdd.registry.RegistryTest" time="0.167" tests="5" errors="0" skipped="0" failures="4">
  <properties>
[...]
</properties>
  <testcase name="validateUnderage" classname="edu.eci.cvds.tdd.registry.RegistryTest" time="0.007">
    <failure message="expected:&lt;UNDERAGE&gt; but was:&lt;DEAD&gt;" type="java.lang.AssertionError"><![CDATA[java.lang.AssertionError: expected:<UNDERAGE> but was:<DEAD>
	at edu.eci.cvds.tdd.registry.RegistryTest.validateUnderage(RegistryTest.java:54)
]]></failure>
  </testcase>
  <testcase name="validateAge" classname="edu.eci.cvds.tdd.registry.RegistryTest" time="0">
    <failure message="expected:&lt;INVALID_AGE&gt; but was:&lt;DEAD&gt;" type="java.lang.AssertionError"><![CDATA[java.lang.AssertionError: expected:<INVALID_AGE> but was:<DEAD>
	at edu.eci.cvds.tdd.registry.RegistryTest.validateAge(RegistryTest.java:35)
]]></failure>
  </testcase>
  <testcase name="validateAlive" classname="edu.eci.cvds.tdd.registry.RegistryTest" time="0"/>
  <testcase name="validateDuplicated" classname="edu.eci.cvds.tdd.registry.RegistryTest" time="0">
    <failure message="expected:&lt;DUPLICATED&gt; but was:&lt;DEAD&gt;" type="java.lang.AssertionError"><![CDATA[java.lang.AssertionError: expected:<DUPLICATED> but was:<DEAD>
	at edu.eci.cvds.tdd.registry.RegistryTest.validateDuplicated(RegistryTest.java:45)
]]></failure>
  </testcase>
  <testcase name="validateRegistryResult" classname="edu.eci.cvds.tdd.registry.RegistryTest" time="0">
    <failure message="expected:&lt;VALID&gt; but was:&lt;DEAD&gt;" type="java.lang.AssertionError"><![CDATA[java.lang.AssertionError: expected:<VALID> but was:<DEAD>
	at edu.eci.cvds.tdd.registry.RegistryTest.validateRegistryResult(RegistryTest.java:17)
]]></failure>
  </testcase>
</testsuite>